INFO [2024-01-30 10:01:04] $x
INFO [2024-01-30 10:01:04] list(LRT = which(result_data$LRT_pvalue < threshold), UNI = which(result_data$UNI_pvalue < 
INFO [2024-01-30 10:01:04]     threshold))
INFO [2024-01-30 10:01:04] 
INFO [2024-01-30 10:01:04] $filename
INFO [2024-01-30 10:01:04] outputpath
INFO [2024-01-30 10:01:04] 
INFO [2024-01-30 10:01:04] $col
INFO [2024-01-30 10:01:04] [1] "black"
INFO [2024-01-30 10:01:04] 
INFO [2024-01-30 10:01:04] $fill
INFO [2024-01-30 10:01:04] c("blue", "red")
INFO [2024-01-30 10:01:04] 
INFO [2024-01-30 10:01:04] $alpha
INFO [2024-01-30 10:01:04] [1] 0.5
INFO [2024-01-30 10:01:04] 
INFO [2024-01-30 10:01:04] $cat.col
INFO [2024-01-30 10:01:04] c("blue", "red")
INFO [2024-01-30 10:01:04] 
INFO [2024-01-30 10:01:04] $cat.cex
INFO [2024-01-30 10:01:04] [1] 1.5
INFO [2024-01-30 10:01:04] 
INFO [2024-01-30 10:01:04] $cat.fontface
INFO [2024-01-30 10:01:04] [1] "bold"
INFO [2024-01-30 10:01:04] 
INFO [2024-01-30 10:01:04] $margin
INFO [2024-01-30 10:01:04] [1] 0.05
INFO [2024-01-30 10:01:04] 
INFO [2024-01-30 10:01:04] $scaled
INFO [2024-01-30 10:01:04] [1] FALSE
INFO [2024-01-30 10:01:04] 
