INFO [2024-01-30 10:04:17] $x
INFO [2024-01-30 10:04:17] list(LRT = which(result_data$LRT_pvalue < threshold), UNI = which(result_data$UNI_pvalue < 
INFO [2024-01-30 10:04:17]     threshold))
INFO [2024-01-30 10:04:17] 
INFO [2024-01-30 10:04:17] $filename
INFO [2024-01-30 10:04:17] outputpath
INFO [2024-01-30 10:04:17] 
INFO [2024-01-30 10:04:17] $col
INFO [2024-01-30 10:04:17] [1] "black"
INFO [2024-01-30 10:04:17] 
INFO [2024-01-30 10:04:17] $fill
INFO [2024-01-30 10:04:17] c("blue", "red")
INFO [2024-01-30 10:04:17] 
INFO [2024-01-30 10:04:17] $alpha
INFO [2024-01-30 10:04:17] [1] 0.5
INFO [2024-01-30 10:04:17] 
INFO [2024-01-30 10:04:17] $cat.col
INFO [2024-01-30 10:04:17] c("blue", "red")
INFO [2024-01-30 10:04:17] 
INFO [2024-01-30 10:04:17] $cat.cex
INFO [2024-01-30 10:04:17] [1] 1.5
INFO [2024-01-30 10:04:17] 
INFO [2024-01-30 10:04:17] $cat.fontface
INFO [2024-01-30 10:04:17] [1] "bold"
INFO [2024-01-30 10:04:17] 
INFO [2024-01-30 10:04:17] $margin
INFO [2024-01-30 10:04:17] [1] 0.05
INFO [2024-01-30 10:04:17] 
INFO [2024-01-30 10:04:17] $scaled
INFO [2024-01-30 10:04:17] [1] FALSE
INFO [2024-01-30 10:04:17] 
